2025-08-22 09:47:31 [restartedMain] INFO  c.e.l.LoginSystemApplication - Starting LoginSystemApplication using Java 21.0.8 with PID 7732 (E:\React-Java User Management Login System\backend\demo\target\classes started by user in E:\React-Java User Management Login System\backend\demo)
2025-08-22 09:47:31 [restartedMain] DEBUG c.e.l.LoginSystemApplication - Running with Spring Boot v3.2.0, Spring v6.1.1
2025-08-22 09:47:31 [restartedMain] INFO  c.e.l.LoginSystemApplication - No active profile set, falling back to 1 default profile: "default"
2025-08-22 09:47:31 [restartedMain] INFO  o.s.b.d.e.DevToolsPropertyDefaultsPostProcessor - Devtools property defaults active! Set 'spring.devtools.add-properties' to 'false' to disable
2025-08-22 09:47:31 [restartedMain] INFO  o.s.b.d.e.DevToolsPropertyDefaultsPostProcessor - For additional web related logging consider setting the 'logging.level.web' property to 'DEBUG'
2025-08-22 09:47:32 [restartedMain] INFO  o.s.d.r.c.RepositoryConfigurationDelegate - Bootstrapping Spring Data JPA repositories in DEFAULT mode.
2025-08-22 09:47:32 [restartedMain] INFO  o.s.d.r.c.RepositoryConfigurationDelegate - Finished Spring Data repository scanning in 48 ms. Found 1 JPA repository interface.
2025-08-22 09:47:33 [restartedMain] INFO  o.s.b.w.e.tomcat.TomcatWebServer - Tomcat initialized with port 8080 (http)
2025-08-22 09:47:33 [restartedMain] INFO  o.a.catalina.core.StandardService - Starting service [Tomcat]
2025-08-22 09:47:33 [restartedMain] INFO  o.a.catalina.core.StandardEngine - Starting Servlet engine: [Apache Tomcat/10.1.16]
2025-08-22 09:47:33 [restartedMain] INFO  o.a.c.c.C.[Tomcat].[localhost].[/] - Initializing Spring embedded WebApplicationContext
2025-08-22 09:47:33 [restartedMain] INFO  o.s.b.w.s.c.ServletWebServerApplicationContext - Root WebApplicationContext: initialization completed in 2091 ms
2025-08-22 09:47:33 [restartedMain] DEBUG o.s.w.f.ServerHttpObservationFilter - Filter 'webMvcObservationFilter' configured for use
2025-08-22 09:47:33 [restartedMain] INFO  com.zaxxer.hikari.HikariDataSource - SpringBootJPAHikariCP - Starting...
2025-08-22 09:47:33 [restartedMain] INFO  com.zaxxer.hikari.pool.HikariPool - SpringBootJPAHikariCP - Added connection com.mysql.cj.jdbc.ConnectionImpl@51055796
2025-08-22 09:47:33 [restartedMain] INFO  com.zaxxer.hikari.HikariDataSource - SpringBootJPAHikariCP - Start completed.
2025-08-22 09:47:33 [restartedMain] INFO  o.h.jpa.internal.util.LogHelper - HHH000204: Processing PersistenceUnitInfo [name: default]
2025-08-22 09:47:34 [restartedMain] INFO  org.hibernate.Version - HHH000412: Hibernate ORM core version 6.3.1.Final
2025-08-22 09:47:34 [restartedMain] INFO  o.h.c.i.RegionFactoryInitiator - HHH000026: Second-level cache disabled
2025-08-22 09:47:34 [restartedMain] INFO  o.s.o.j.p.SpringPersistenceUnitInfo - No LoadTimeWeaver setup: ignoring JPA class transformer
2025-08-22 09:47:34 [restartedMain] WARN  org.hibernate.orm.deprecation - HHH90000025: MySQL8Dialect does not need to be specified explicitly using 'hibernate.dialect' (remove the property setting and it will be selected by default)
2025-08-22 09:47:34 [restartedMain] WARN  org.hibernate.orm.deprecation - HHH90000026: MySQL8Dialect has been deprecated; use org.hibernate.dialect.MySQLDialect instead
2025-08-22 09:47:35 [restartedMain] INFO  o.h.e.t.j.p.i.JtaPlatformInitiator - HHH000489: No JTA platform available (set 'hibernate.transaction.jta.platform' to enable JTA platform integration)
2025-08-22 09:47:35 [restartedMain] INFO  o.s.o.j.LocalContainerEntityManagerFactoryBean - Initialized JPA EntityManagerFactory for persistence unit 'default'
2025-08-22 09:47:35 [restartedMain] INFO  o.s.d.j.r.query.QueryEnhancerFactory - Hibernate is in classpath; If applicable, HQL parser will be used.
2025-08-22 09:47:36 [restartedMain] WARN  o.s.b.a.s.s.UserDetailsServiceAutoConfiguration - 

Using generated security password: ae2d1da1-6700-4c44-9989-30b121ddabc1

This generated password is for development use only. Your security configuration must be updated before running your application in production.

2025-08-22 09:47:36 [restartedMain] DEBUG o.s.w.s.m.m.a.RequestMappingHandlerMapping - 16 mappings in 'requestMappingHandlerMapping'
2025-08-22 09:47:36 [restartedMain] DEBUG o.s.w.s.h.SimpleUrlHandlerMapping - Patterns [/webjars/**, /**, /swagger-ui*/*swagger-initializer.js, /swagger-ui*/**] in 'resourceHandlerMapping'
2025-08-22 09:47:36 [restartedMain] INFO  o.s.b.a.e.web.EndpointLinksResolver - Exposing 3 endpoint(s) beneath base path '/actuator'
2025-08-22 09:47:36 [restartedMain] INFO  o.s.s.web.DefaultSecurityFilterChain - Will secure any request with [org.springframework.security.web.session.DisableEncodeUrlFilter@15614281, org.springframework.security.web.context.request.async.WebAsyncManagerIntegrationFilter@e7b87aa, org.springframework.security.web.context.SecurityContextHolderFilter@7e60c63b, org.springframework.security.web.header.HeaderWriterFilter@4bb6ff5e, org.springframework.web.filter.CorsFilter@707f6482, org.springframework.security.web.savedrequest.RequestCacheAwareFilter@5b1b9e5e, org.springframework.security.web.servletapi.SecurityContextHolderAwareRequestFilter@aaf4c10, org.springframework.security.web.authentication.AnonymousAuthenticationFilter@54eabf7b, org.springframework.security.web.session.SessionManagementFilter@1dc4840b, org.springframework.security.web.access.ExceptionTranslationFilter@6a22d41a, org.springframework.security.web.access.intercept.AuthorizationFilter@611a2414]
2025-08-22 09:47:36 [restartedMain] DEBUG o.s.w.s.m.m.a.RequestMappingHandlerAdapter - ControllerAdvice beans: 0 @ModelAttribute, 0 @InitBinder, 1 RequestBodyAdvice, 1 ResponseBodyAdvice
2025-08-22 09:47:36 [restartedMain] DEBUG o.s.w.s.m.m.a.ExceptionHandlerExceptionResolver - ControllerAdvice beans: 1 @ExceptionHandler, 1 ResponseBodyAdvice
2025-08-22 09:47:37 [restartedMain] INFO  o.s.b.d.a.OptionalLiveReloadServer - LiveReload server is running on port 35729
2025-08-22 09:47:37 [restartedMain] INFO  o.s.b.w.e.tomcat.TomcatWebServer - Tomcat started on port 8080 (http) with context path ''
2025-08-22 09:47:37 [restartedMain] INFO  c.e.l.LoginSystemApplication - Started LoginSystemApplication in 6.715 seconds (process running for 7.573)
2025-08-22 09:47:37 [RMI TCP Connection(3)-192.168.8.123] INFO  o.a.c.c.C.[Tomcat].[localhost].[/] - Initializing Spring DispatcherServlet 'dispatcherServlet'
2025-08-22 09:47:37 [RMI TCP Connection(3)-192.168.8.123] INFO  o.s.web.servlet.DispatcherServlet - Initializing Servlet 'dispatcherServlet'
2025-08-22 09:47:37 [RMI TCP Connection(3)-192.168.8.123] DEBUG o.s.web.servlet.DispatcherServlet - Detected StandardServletMultipartResolver
2025-08-22 09:47:37 [RMI TCP Connection(3)-192.168.8.123] DEBUG o.s.web.servlet.DispatcherServlet - Detected AcceptHeaderLocaleResolver
2025-08-22 09:47:37 [RMI TCP Connection(3)-192.168.8.123] DEBUG o.s.web.servlet.DispatcherServlet - Detected FixedThemeResolver
2025-08-22 09:47:37 [RMI TCP Connection(3)-192.168.8.123] DEBUG o.s.web.servlet.DispatcherServlet - Detected org.springframework.web.servlet.view.DefaultRequestToViewNameTranslator@7c08b3f4
2025-08-22 09:47:37 [RMI TCP Connection(3)-192.168.8.123] DEBUG o.s.web.servlet.DispatcherServlet - Detected org.springframework.web.servlet.support.SessionFlashMapManager@14841820
2025-08-22 09:47:37 [RMI TCP Connection(3)-192.168.8.123] DEBUG o.s.web.servlet.DispatcherServlet - enableLoggingRequestDetails='false': request parameters and headers will be masked to prevent unsafe logging of potentially sensitive data
2025-08-22 09:47:37 [RMI TCP Connection(3)-192.168.8.123] INFO  o.s.web.servlet.DispatcherServlet - Completed initialization in 1 ms
2025-08-22 09:48:54 [SpringApplicationShutdownHook] INFO  o.s.o.j.LocalContainerEntityManagerFactoryBean - Closing JPA EntityManagerFactory for persistence unit 'default'
2025-08-22 09:48:54 [SpringApplicationShutdownHook] INFO  com.zaxxer.hikari.HikariDataSource - SpringBootJPAHikariCP - Shutdown initiated...
2025-08-22 09:48:54 [SpringApplicationShutdownHook] INFO  com.zaxxer.hikari.HikariDataSource - SpringBootJPAHikariCP - Shutdown completed.
2025-08-22 09:48:57 [restartedMain] INFO  c.e.l.LoginSystemApplication - Starting LoginSystemApplication using Java 21.0.8 with PID 3500 (E:\React-Java User Management Login System\backend\demo\target\classes started by user in E:\React-Java User Management Login System\backend\demo)
2025-08-22 09:48:57 [restartedMain] DEBUG c.e.l.LoginSystemApplication - Running with Spring Boot v3.2.0, Spring v6.1.1
2025-08-22 09:48:57 [restartedMain] INFO  c.e.l.LoginSystemApplication - No active profile set, falling back to 1 default profile: "default"
2025-08-22 09:48:57 [restartedMain] INFO  o.s.b.d.e.DevToolsPropertyDefaultsPostProcessor - Devtools property defaults active! Set 'spring.devtools.add-properties' to 'false' to disable
2025-08-22 09:48:57 [restartedMain] INFO  o.s.b.d.e.DevToolsPropertyDefaultsPostProcessor - For additional web related logging consider setting the 'logging.level.web' property to 'DEBUG'
2025-08-22 09:48:58 [restartedMain] INFO  o.s.d.r.c.RepositoryConfigurationDelegate - Bootstrapping Spring Data JPA repositories in DEFAULT mode.
2025-08-22 09:48:58 [restartedMain] INFO  o.s.d.r.c.RepositoryConfigurationDelegate - Finished Spring Data repository scanning in 45 ms. Found 1 JPA repository interface.
2025-08-22 09:48:59 [restartedMain] INFO  o.s.b.w.e.tomcat.TomcatWebServer - Tomcat initialized with port 8080 (http)
2025-08-22 09:48:59 [restartedMain] INFO  o.a.catalina.core.StandardService - Starting service [Tomcat]
2025-08-22 09:48:59 [restartedMain] INFO  o.a.catalina.core.StandardEngine - Starting Servlet engine: [Apache Tomcat/10.1.16]
2025-08-22 09:48:59 [restartedMain] INFO  o.a.c.c.C.[Tomcat].[localhost].[/] - Initializing Spring embedded WebApplicationContext
2025-08-22 09:48:59 [restartedMain] INFO  o.s.b.w.s.c.ServletWebServerApplicationContext - Root WebApplicationContext: initialization completed in 1883 ms
2025-08-22 09:48:59 [restartedMain] DEBUG o.s.w.f.ServerHttpObservationFilter - Filter 'webMvcObservationFilter' configured for use
2025-08-22 09:48:59 [restartedMain] INFO  com.zaxxer.hikari.HikariDataSource - SpringBootJPAHikariCP - Starting...
2025-08-22 09:48:59 [restartedMain] INFO  com.zaxxer.hikari.pool.HikariPool - SpringBootJPAHikariCP - Added connection com.mysql.cj.jdbc.ConnectionImpl@75d86077
2025-08-22 09:48:59 [restartedMain] INFO  com.zaxxer.hikari.HikariDataSource - SpringBootJPAHikariCP - Start completed.
2025-08-22 09:48:59 [restartedMain] INFO  o.h.jpa.internal.util.LogHelper - HHH000204: Processing PersistenceUnitInfo [name: default]
2025-08-22 09:48:59 [restartedMain] INFO  org.hibernate.Version - HHH000412: Hibernate ORM core version 6.3.1.Final
2025-08-22 09:48:59 [restartedMain] INFO  o.h.c.i.RegionFactoryInitiator - HHH000026: Second-level cache disabled
2025-08-22 09:49:00 [restartedMain] INFO  o.s.o.j.p.SpringPersistenceUnitInfo - No LoadTimeWeaver setup: ignoring JPA class transformer
2025-08-22 09:49:00 [restartedMain] WARN  org.hibernate.orm.deprecation - HHH90000025: MySQL8Dialect does not need to be specified explicitly using 'hibernate.dialect' (remove the property setting and it will be selected by default)
2025-08-22 09:49:00 [restartedMain] WARN  org.hibernate.orm.deprecation - HHH90000026: MySQL8Dialect has been deprecated; use org.hibernate.dialect.MySQLDialect instead
2025-08-22 09:49:00 [restartedMain] INFO  o.h.e.t.j.p.i.JtaPlatformInitiator - HHH000489: No JTA platform available (set 'hibernate.transaction.jta.platform' to enable JTA platform integration)
2025-08-22 09:49:00 [restartedMain] INFO  o.s.o.j.LocalContainerEntityManagerFactoryBean - Initialized JPA EntityManagerFactory for persistence unit 'default'
2025-08-22 09:49:01 [restartedMain] INFO  o.s.d.j.r.query.QueryEnhancerFactory - Hibernate is in classpath; If applicable, HQL parser will be used.
2025-08-22 09:49:01 [restartedMain] WARN  o.s.b.a.s.s.UserDetailsServiceAutoConfiguration - 

Using generated security password: 9a004308-7bf1-459d-9386-983f9311a509

This generated password is for development use only. Your security configuration must be updated before running your application in production.

2025-08-22 09:49:01 [restartedMain] DEBUG o.s.w.s.m.m.a.RequestMappingHandlerMapping - 16 mappings in 'requestMappingHandlerMapping'
2025-08-22 09:49:01 [restartedMain] DEBUG o.s.w.s.h.SimpleUrlHandlerMapping - Patterns [/webjars/**, /**, /swagger-ui*/*swagger-initializer.js, /swagger-ui*/**] in 'resourceHandlerMapping'
2025-08-22 09:49:02 [restartedMain] INFO  o.s.b.a.e.web.EndpointLinksResolver - Exposing 3 endpoint(s) beneath base path '/actuator'
2025-08-22 09:49:02 [restartedMain] INFO  o.s.s.web.DefaultSecurityFilterChain - Will secure any request with [org.springframework.security.web.session.DisableEncodeUrlFilter@130ca77c, org.springframework.security.web.context.request.async.WebAsyncManagerIntegrationFilter@15873d24, org.springframework.security.web.context.SecurityContextHolderFilter@334164aa, org.springframework.security.web.header.HeaderWriterFilter@4611c270, org.springframework.web.filter.CorsFilter@1710f99d, org.springframework.security.web.savedrequest.RequestCacheAwareFilter@49f45bdb, org.springframework.security.web.servletapi.SecurityContextHolderAwareRequestFilter@36fbdf01, org.springframework.security.web.authentication.AnonymousAuthenticationFilter@2f267e3f, org.springframework.security.web.session.SessionManagementFilter@13ef9634, org.springframework.security.web.access.ExceptionTranslationFilter@1d6ebd2c, org.springframework.security.web.access.intercept.AuthorizationFilter@4f6202c0]
2025-08-22 09:49:02 [restartedMain] DEBUG o.s.w.s.m.m.a.RequestMappingHandlerAdapter - ControllerAdvice beans: 0 @ModelAttribute, 0 @InitBinder, 1 RequestBodyAdvice, 1 ResponseBodyAdvice
2025-08-22 09:49:02 [restartedMain] DEBUG o.s.w.s.m.m.a.ExceptionHandlerExceptionResolver - ControllerAdvice beans: 1 @ExceptionHandler, 1 ResponseBodyAdvice
2025-08-22 09:49:02 [restartedMain] INFO  o.s.b.d.a.OptionalLiveReloadServer - LiveReload server is running on port 35729
2025-08-22 09:49:02 [restartedMain] INFO  o.s.b.w.e.tomcat.TomcatWebServer - Tomcat started on port 8080 (http) with context path ''
2025-08-22 09:49:02 [restartedMain] INFO  c.e.l.LoginSystemApplication - Started LoginSystemApplication in 5.903 seconds (process running for 6.651)
2025-08-22 09:49:03 [RMI TCP Connection(1)-192.168.8.123] INFO  o.a.c.c.C.[Tomcat].[localhost].[/] - Initializing Spring DispatcherServlet 'dispatcherServlet'
2025-08-22 09:49:03 [RMI TCP Connection(1)-192.168.8.123] INFO  o.s.web.servlet.DispatcherServlet - Initializing Servlet 'dispatcherServlet'
2025-08-22 09:49:03 [RMI TCP Connection(1)-192.168.8.123] DEBUG o.s.web.servlet.DispatcherServlet - Detected StandardServletMultipartResolver
2025-08-22 09:49:03 [RMI TCP Connection(1)-192.168.8.123] DEBUG o.s.web.servlet.DispatcherServlet - Detected AcceptHeaderLocaleResolver
2025-08-22 09:49:03 [RMI TCP Connection(1)-192.168.8.123] DEBUG o.s.web.servlet.DispatcherServlet - Detected FixedThemeResolver
2025-08-22 09:49:03 [RMI TCP Connection(1)-192.168.8.123] DEBUG o.s.web.servlet.DispatcherServlet - Detected org.springframework.web.servlet.view.DefaultRequestToViewNameTranslator@40c8a60b
2025-08-22 09:49:03 [RMI TCP Connection(1)-192.168.8.123] DEBUG o.s.web.servlet.DispatcherServlet - Detected org.springframework.web.servlet.support.SessionFlashMapManager@65ede06b
2025-08-22 09:49:03 [RMI TCP Connection(1)-192.168.8.123] DEBUG o.s.web.servlet.DispatcherServlet - enableLoggingRequestDetails='false': request parameters and headers will be masked to prevent unsafe logging of potentially sensitive data
2025-08-22 09:49:03 [RMI TCP Connection(1)-192.168.8.123] INFO  o.s.web.servlet.DispatcherServlet - Completed initialization in 3 ms
2025-08-22 09:50:43 [http-nio-8080-exec-1] DEBUG o.s.security.web.FilterChainProxy - Securing OPTIONS /api/users/login
2025-08-22 09:50:43 [http-nio-8080-exec-3] DEBUG o.s.security.web.FilterChainProxy - Securing POST /api/users/login
2025-08-22 09:50:43 [http-nio-8080-exec-3] DEBUG o.s.s.w.a.AnonymousAuthenticationFilter - Set SecurityContextHolder to anonymous SecurityContext
2025-08-22 09:50:43 [http-nio-8080-exec-3] WARN  o.s.w.s.h.HandlerMappingIntrospector - Cache miss for REQUEST dispatch to '/api/users/login' (previous null). Performing MatchableHandlerMapping lookup. This is logged once only at WARN level, and every time at TRACE.
2025-08-22 09:50:43 [http-nio-8080-exec-3] DEBUG o.s.security.web.FilterChainProxy - Secured POST /api/users/login
2025-08-22 09:50:43 [http-nio-8080-exec-3] DEBUG o.s.web.servlet.DispatcherServlet - POST "/api/users/login", parameters={}
2025-08-22 09:50:43 [http-nio-8080-exec-3] DEBUG o.s.w.s.m.m.a.RequestMappingHandlerMapping - Mapped to com.example.loginsystem.controller.UserController#login(LoginRequest, BindingResult)
2025-08-22 09:50:43 [http-nio-8080-exec-3] DEBUG o.s.w.s.m.m.a.RequestResponseBodyMethodProcessor - Read "application/json;charset=UTF-8" to [LoginRequest{username='admin', password='[PROTECTED]'}]
2025-08-22 09:50:43 [http-nio-8080-exec-3] INFO  c.e.l.controller.UserController - 收到登录请求，用户名: admin
2025-08-22 09:50:43 [http-nio-8080-exec-3] INFO  c.e.loginsystem.service.UserService - 尝试登录用户: admin
2025-08-22 09:50:43 [http-nio-8080-exec-3] DEBUG org.hibernate.SQL - 
    /* <criteria> */ select
        u1_0.id,
        u1_0.created_at,
        u1_0.password,
        u1_0.role,
        u1_0.updated_at,
        u1_0.username 
    from
        users u1_0 
    where
        u1_0.username=?
2025-08-22 09:50:43 [http-nio-8080-exec-3] WARN  c.e.loginsystem.service.UserService - 用户 admin 不存在
2025-08-22 09:50:43 [http-nio-8080-exec-3] WARN  c.e.l.controller.UserController - 用户 admin 登录失败
2025-08-22 09:50:43 [http-nio-8080-exec-3] DEBUG o.s.w.s.m.m.a.HttpEntityMethodProcessor - Using 'application/json', given [application/json, text/plain, */*] and supported [application/json, application/*+json]
2025-08-22 09:50:43 [http-nio-8080-exec-3] DEBUG o.s.w.s.m.m.a.HttpEntityMethodProcessor - Writing [ApiResponse{success=false, message='用户名或密码错误', data=null, timestamp=2025-08-22T09:50:43.500813100, c (truncated)...]
2025-08-22 09:50:43 [http-nio-8080-exec-3] DEBUG o.s.web.servlet.DispatcherServlet - Completed 400 BAD_REQUEST
2025-08-22 09:55:50 [http-nio-8080-exec-2] DEBUG o.s.security.web.FilterChainProxy - Securing POST /api/users/login
2025-08-22 09:55:50 [http-nio-8080-exec-2] DEBUG o.s.s.w.a.AnonymousAuthenticationFilter - Set SecurityContextHolder to anonymous SecurityContext
2025-08-22 09:55:50 [http-nio-8080-exec-2] DEBUG o.s.security.web.FilterChainProxy - Secured POST /api/users/login
2025-08-22 09:55:50 [http-nio-8080-exec-2] DEBUG o.s.web.servlet.DispatcherServlet - POST "/api/users/login", parameters={}
2025-08-22 09:55:50 [http-nio-8080-exec-2] DEBUG o.s.w.s.m.m.a.RequestMappingHandlerMapping - Mapped to com.example.loginsystem.controller.UserController#login(LoginRequest, BindingResult)
2025-08-22 09:55:50 [http-nio-8080-exec-2] DEBUG o.s.w.s.m.m.a.RequestResponseBodyMethodProcessor - Read "application/json;charset=UTF-8" to [LoginRequest{username='user', password='[PROTECTED]'}]
2025-08-22 09:55:50 [http-nio-8080-exec-2] INFO  c.e.l.controller.UserController - 收到登录请求，用户名: user
2025-08-22 09:55:50 [http-nio-8080-exec-2] INFO  c.e.loginsystem.service.UserService - 尝试登录用户: user
2025-08-22 09:55:50 [http-nio-8080-exec-2] DEBUG org.hibernate.SQL - 
    /* <criteria> */ select
        u1_0.id,
        u1_0.created_at,
        u1_0.password,
        u1_0.role,
        u1_0.updated_at,
        u1_0.username 
    from
        users u1_0 
    where
        u1_0.username=?
2025-08-22 09:55:50 [http-nio-8080-exec-2] WARN  c.e.loginsystem.service.UserService - 用户 user 不存在
2025-08-22 09:55:50 [http-nio-8080-exec-2] WARN  c.e.l.controller.UserController - 用户 user 登录失败
2025-08-22 09:55:50 [http-nio-8080-exec-2] DEBUG o.s.w.s.m.m.a.HttpEntityMethodProcessor - Using 'application/json', given [application/json, text/plain, */*] and supported [application/json, application/*+json]
2025-08-22 09:55:50 [http-nio-8080-exec-2] DEBUG o.s.w.s.m.m.a.HttpEntityMethodProcessor - Writing [ApiResponse{success=false, message='用户名或密码错误', data=null, timestamp=2025-08-22T09:55:50.063761400, c (truncated)...]
2025-08-22 09:55:50 [http-nio-8080-exec-2] DEBUG o.s.web.servlet.DispatcherServlet - Completed 400 BAD_REQUEST
2025-08-22 10:44:25 [SpringApplicationShutdownHook] INFO  o.s.o.j.LocalContainerEntityManagerFactoryBean - Closing JPA EntityManagerFactory for persistence unit 'default'
2025-08-22 10:44:25 [SpringApplicationShutdownHook] INFO  com.zaxxer.hikari.HikariDataSource - SpringBootJPAHikariCP - Shutdown initiated...
2025-08-22 10:44:25 [SpringApplicationShutdownHook] INFO  com.zaxxer.hikari.HikariDataSource - SpringBootJPAHikariCP - Shutdown completed.
